Jan 07, 2023 1:59:35 PM org.apache.coyote.AbstractProtocol init
INFO: Initializing ProtocolHandler ["http-nio-auto-1"]
Jan 07, 2023 1:59:35 PM org.apache.tomcat.util.net.NioSelectorPool getSharedSelector
INFO: Using a shared selector for servlet write/read
Jan 07, 2023 1:59:35 PM org.apache.catalina.core.StandardService startInternal
INFO: Starting service [Tomcat]
Jan 07, 2023 1:59:35 PM org.apache.catalina.core.StandardEngine startInternal
INFO: Starting Servlet engine: [Apache Tomcat/8.5.69]
Jan 07, 2023 1:59:35 PM org.apache.coyote.AbstractProtocol start
INFO: Starting ProtocolHandler ["http-nio-auto-1-57969"]
Jan 07, 2023 1:59:37 PM exercise.servlet.SessionServlet login
INFO: Login attempt: lavern.keeling@gmail.com
Jan 07, 2023 1:59:37 PM exercise.servlet.SessionServlet login
INFO: Login attempt: shoshana.haley@hotmail.com
Jan 07, 2023 1:59:37 PM exercise.servlet.SessionServlet login
INFO: Login attempt: suzann.barrows@hotmail.com
Jan 07, 2023 1:59:37 PM exercise.servlet.SessionServlet login
INFO: Login attempt: lavern.keeling@gmail.com
Jan 07, 2023 1:59:37 PM exercise.servlet.SessionServlet login
INFO: Login attempt: lavern.keeling@gmail.com
Jan 07, 2023 1:59:37 PM exercise.servlet.SessionServlet login
INFO: Login attempt: lavern.keeling@gmail.com
Jan 07, 2023 1:59:37 PM org.apache.coyote.AbstractProtocol pause
INFO: Pausing ProtocolHandler ["http-nio-auto-1-57969"]
Jan 07, 2023 1:59:37 PM org.apache.catalina.core.StandardService stopInternal
INFO: Stopping service [Tomcat]
Jan 07, 2023 1:59:37 PM org.apache.catalina.loader.WebappClassLoaderBase clearReferencesObjectStreamClassCaches
WARNING: When running on Java 9 or later you need to add "--add-opens=java.base/java.io=null" to the JVM command line arguments to enable ObjectStream cache memory leak protection. Alternatively, you can suppress this warning by disabling ObjectStream class cache memory leak protection.
Jan 07, 2023 1:59:37 PM org.apache.catalina.loader.WebappClassLoaderBase clearReferencesRmiTargets
WARNING: When running on Java 9 or later you need to add "--add-opens=java.rmi/sun.rmi.transport=null" to the JVM command line arguments to enable RMI Target memory leak detection. Alternatively, you can suppress this warning by disabling RMI Target memory leak detection.
Jan 07, 2023 1:59:37 PM org.apache.coyote.AbstractProtocol stop
INFO: Stopping ProtocolHandler ["http-nio-auto-1-57969"]
Jan 07, 2023 1:59:53 PM org.apache.coyote.AbstractProtocol init
INFO: Initializing ProtocolHandler ["http-nio-5000"]
Jan 07, 2023 1:59:53 PM org.apache.tomcat.util.net.NioSelectorPool getSharedSelector
INFO: Using a shared selector for servlet write/read
Jan 07, 2023 1:59:53 PM org.apache.catalina.core.StandardService startInternal
INFO: Starting service [Tomcat]
Jan 07, 2023 1:59:53 PM org.apache.catalina.core.StandardEngine startInternal
INFO: Starting Servlet engine: [Apache Tomcat/8.5.69]
Jan 07, 2023 1:59:53 PM org.apache.coyote.AbstractProtocol start
INFO: Starting ProtocolHandler ["http-nio-5000"]
Jan 07, 2023 2:00:21 PM exercise.servlet.SessionServlet login
INFO: Login attempt: asda@asdas.ru
